#
# There is insufficient memory for the Java Runtime Environment to continue.
# Native memory allocation (malloc) failed to allocate 1048576 bytes for AllocateHeap
# Possible reasons:
#   The system is out of physical RAM or swap space
#   The process is running with CompressedOops enabled, and the Java Heap may be blocking the growth of the native heap
# Possible solutions:
#   Reduce memory load on the system
#   Increase physical memory or swap space
#   Check if swap backing store is full
#   Decrease Java heap size (-Xmx/-Xms)
#   Decrease number of Java threads
#   Decrease Java thread stack sizes (-Xss)
#   Set larger code cache with -XX:ReservedCodeCacheSize=
#   JVM is running with Unscaled Compressed Oops mode in which the Java heap is
#     placed in the first 4GB address space. The Java Heap base address is the
#     maximum limit for the native heap growth. Please use -XX:HeapBaseMinAddress
#     to set the Java Heap base and to place the Java Heap above 4GB virtual address.
# This output file may be truncated or incomplete.
#
#  Out of Memory Error (allocation.cpp:44), pid=9604, tid=17848
#
# JRE version:  (17.0.4+8) (build )
# Java VM: OpenJDK 64-Bit Server VM (17.0.4+8, mixed mode, sharing, tiered, compressed oops, compressed class ptrs, g1 gc, windows-amd64)
# No core dump will be written. Minidumps are not enabled by default on client versions of Windows
#

---------------  S U M M A R Y ------------

Command Line: -Dfile.encoding=UTF-8 -XX:+ShowCodeDetailsInExceptionMessages co.edu.unbosque.controller.AplMain

Host: Intel(R) Core(TM) i3-8145U CPU @ 2.10GHz, 4 cores, 3G,  Windows 11 , 64 bit Build 22621 (10.0.22621.2215)
Time: Sat Sep 23 15:27:30 2023 Hora estándar del Este (México) elapsed time: 0.042650 seconds (0d 0h 0m 0s)

---------------  T H R E A D  ---------------

Current thread (0x000002737c84bb80):  JavaThread "Unknown thread" [_thread_in_vm, id=17848, stack(0x000000fa55000000,0x000000fa55100000)]

Stack: [0x000000fa55000000,0x000000fa55100000]
Native frames: (J=compiled Java code, j=interpreted, Vv=VM code, C=native code)
V  [jvm.dll+0x67733a]
V  [jvm.dll+0x8323c4]
V  [jvm.dll+0x833b6e]
V  [jvm.dll+0x8341d3]
V  [jvm.dll+0x2455e5]
V  [jvm.dll+0xa6393]
V  [jvm.dll+0x2e4507]
V  [jvm.dll+0x2dc36b]
V  [jvm.dll+0x803ef1]
V  [jvm.dll+0x3698d1]
V  [jvm.dll+0x7e320c]
V  [jvm.dll+0x3ec23f]
V  [jvm.dll+0x3eddc1]
C  [jli.dll+0x5277]
C  [ucrtbase.dll+0x29363]
C  [KERNEL32.DLL+0x1257d]
C  [ntdll.dll+0x5aa68]


---------------  P R O C E S S  ---------------

Threads class SMR info:
_java_thread_list=0x00007ffb8ae24e98, length=0, elements={
}

Java Threads: ( => current thread )

Other Threads:
  0x000002737c886140 GCTaskThread "GC Thread#0" [stack: 0x000000fa55100000,0x000000fa55200000] [id=12276]

[error occurred during error reporting (printing all threads), id 0xc0000005, EXCEPTION_ACCESS_VIOLATION (0xc0000005) at pc=0x00007ffb8a5f9490]

VM state: not at safepoint (not fully initialized)

VM Mutex/Monitor currently owned by a thread:  ([mutex/lock_event])
[0x000002737c8478e0] Heap_lock - owner thread: 0x000002737c84bb80

Heap address: 0x00000000c2400000, size: 988 MB, Compressed Oops mode: 32-bit

CDS archive(s) mapped at: [0x0000000000000000-0x0000000000000000-0x0000000000000000), size 0, SharedBaseAddress: 0x0000000800000000, ArchiveRelocationMode: 0.
Narrow klass base: 0x0000000000000000, Narrow klass shift: 0, Narrow klass range: 0x0

GC Precious Log:
<Empty>

Heap:
 garbage-first heap   total 0K, used 0K [0x00000000c2400000, 0x0000000100000000)
  region size 1024K, 0 young (0K), 0 survivors (0K)

[error occurred during error reporting (printing heap information), id 0xc0000005, EXCEPTION_ACCESS_VIOLATION (0xc0000005) at pc=0x00007ffb8a9e06b9]

GC Heap History (0 events):
No events

Deoptimization events (0 events):
No events

Classes unloaded (0 events):
No events

Classes redefined (0 events):
No events

Internal exceptions (0 events):
No events

VM Operations (0 events):
No events

Events (1 events):
Event: 0.030 Loaded shared library C:\Users\cgseb\.p2\pool\plugins\org.eclipse.justj.openjdk.hotspot.jre.full.win32.x86_64_17.0.4.v20220805-1047\jre\bin\java.dll


Dynamic libraries:
0x00007ff7f95b0000 - 0x00007ff7f95be000 	C:\Users\cgseb\.p2\pool\plugins\org.eclipse.justj.openjdk.hotspot.jre.full.win32.x86_64_17.0.4.v20220805-1047\jre\bin\javaw.exe
0x00007ffbf1af0000 - 0x00007ffbf1d04000 	C:\WINDOWS\SYSTEM32\ntdll.dll
0x00007ffbf0a10000 - 0x00007ffbf0ad4000 	C:\WINDOWS\System32\KERNEL32.DLL
0x00007ffbeefc0000 - 0x00007ffbef364000 	C:\WINDOWS\System32\KERNELBASE.dll
0x00007ffbef760000 - 0x00007ffbef871000 	C:\WINDOWS\System32\ucrtbase.dll
0x00007ffbca8f0000 - 0x00007ffbca909000 	C:\Users\cgseb\.p2\pool\plugins\org.eclipse.justj.openjdk.hotspot.jre.full.win32.x86_64_17.0.4.v20220805-1047\jre\bin\VCRUNTIME140.dll
0x00007ffbca8d0000 - 0x00007ffbca8e8000 	C:\Users\cgseb\.p2\pool\plugins\org.eclipse.justj.openjdk.hotspot.jre.full.win32.x86_64_17.0.4.v20220805-1047\jre\bin\jli.dll
0x00007ffbf0ae0000 - 0x00007ffbf0c8e000 	C:\WINDOWS\System32\USER32.dll
0x00007ffbef550000 - 0x00007ffbef576000 	C:\WINDOWS\System32\win32u.dll
0x00007ffbf1140000 - 0x00007ffbf1169000 	C:\WINDOWS\System32\GDI32.dll
0x00007ffbd1ad0000 - 0x00007ffbd1d63000 	C:\WINDOWS\WinSxS\amd64_microsoft.windows.common-controls_6595b64144ccf1df_6.0.22621.2215_none_270d72677387dfc3\COMCTL32.dll
0x00007ffbef430000 - 0x00007ffbef548000 	C:\WINDOWS\System32\gdi32full.dll
0x00007ffbeef20000 - 0x00007ffbeefba000 	C:\WINDOWS\System32\msvcp_win.dll
0x00007ffbf0470000 - 0x00007ffbf0517000 	C:\WINDOWS\System32\msvcrt.dll
0x00007ffbf0430000 - 0x00007ffbf0461000 	C:\WINDOWS\System32\IMM32.DLL
0x00007ffbdf0d0000 - 0x00007ffbdf0dc000 	C:\Users\cgseb\.p2\pool\plugins\org.eclipse.justj.openjdk.hotspot.jre.full.win32.x86_64_17.0.4.v20220805-1047\jre\bin\vcruntime140_1.dll
0x00007ffbbef10000 - 0x00007ffbbefa1000 	C:\Users\cgseb\.p2\pool\plugins\org.eclipse.justj.openjdk.hotspot.jre.full.win32.x86_64_17.0.4.v20220805-1047\jre\bin\msvcp140.dll
0x00007ffb8a310000 - 0x00007ffb8af56000 	C:\Users\cgseb\.p2\pool\plugins\org.eclipse.justj.openjdk.hotspot.jre.full.win32.x86_64_17.0.4.v20220805-1047\jre\bin\server\jvm.dll
0x00007ffbefb50000 - 0x00007ffbefc00000 	C:\WINDOWS\System32\ADVAPI32.dll
0x00007ffbf0c90000 - 0x00007ffbf0d36000 	C:\WINDOWS\System32\sechost.dll
0x00007ffbef880000 - 0x00007ffbef997000 	C:\WINDOWS\System32\RPCRT4.dll
0x00007ffbefaf0000 - 0x00007ffbefaf8000 	C:\WINDOWS\System32\PSAPI.DLL
0x00007ffbebda0000 - 0x00007ffbebda9000 	C:\WINDOWS\SYSTEM32\WSOCK32.dll
0x00007ffbf0d40000 - 0x00007ffbf0db1000 	C:\WINDOWS\System32\WS2_32.dll
0x00007ffbe5610000 - 0x00007ffbe561a000 	C:\WINDOWS\SYSTEM32\VERSION.dll
0x00007ffbe6cf0000 - 0x00007ffbe6d24000 	C:\WINDOWS\SYSTEM32\WINMM.dll
0x00007ffbedef0000 - 0x00007ffbedf08000 	C:\WINDOWS\SYSTEM32\kernel.appcore.dll
0x00007ffbd6d40000 - 0x00007ffbd6d4a000 	C:\Users\cgseb\.p2\pool\plugins\org.eclipse.justj.openjdk.hotspot.jre.full.win32.x86_64_17.0.4.v20220805-1047\jre\bin\jimage.dll
0x00007ffbec800000 - 0x00007ffbeca2e000 	C:\WINDOWS\SYSTEM32\DBGHELP.DLL
0x00007ffbf0680000 - 0x00007ffbf0a0a000 	C:\WINDOWS\System32\combase.dll
0x00007ffbf0e30000 - 0x00007ffbf0f07000 	C:\WINDOWS\System32\OLEAUT32.dll
0x00007ffbe2920000 - 0x00007ffbe2952000 	C:\WINDOWS\SYSTEM32\dbgcore.DLL
0x00007ffbeeea0000 - 0x00007ffbeef1a000 	C:\WINDOWS\System32\bcryptPrimitives.dll
0x00007ffbca7f0000 - 0x00007ffbca815000 	C:\Users\cgseb\.p2\pool\plugins\org.eclipse.justj.openjdk.hotspot.jre.full.win32.x86_64_17.0.4.v20220805-1047\jre\bin\java.dll

dbghelp: loaded successfully - version: 4.0.5 - missing functions: none
symbol engine: initialized successfully - sym options: 0x614 - pdb path: .;C:\Users\cgseb\.p2\pool\plugins\org.eclipse.justj.openjdk.hotspot.jre.full.win32.x86_64_17.0.4.v20220805-1047\jre\bin;C:\WINDOWS\SYSTEM32;C:\WINDOWS\WinSxS\amd64_microsoft.windows.common-controls_6595b64144ccf1df_6.0.22621.2215_none_270d72677387dfc3;C:\Users\cgseb\.p2\pool\plugins\org.eclipse.justj.openjdk.hotspot.jre.full.win32.x86_64_17.0.4.v20220805-1047\jre\bin\server

VM Arguments:
jvm_args: -Dfile.encoding=UTF-8 -XX:+ShowCodeDetailsInExceptionMessages 
java_command: co.edu.unbosque.controller.AplMain
java_class_path (initial): C:\Users\cgseb\git\SocialMedia\SocialMedia\bin
Launcher Type: SUN_STANDARD

[Global flags]
     intx CICompilerCount                          = 3                                         {product} {ergonomic}
     uint ConcGCThreads                            = 1                                         {product} {ergonomic}
     uint G1ConcRefinementThreads                  = 4                                         {product} {ergonomic}
   size_t G1HeapRegionSize                         = 1048576                                   {product} {ergonomic}
    uintx GCDrainStackTargetSize                   = 64                                        {product} {ergonomic}
   size_t InitialHeapSize                          = 65011712                                  {product} {ergonomic}
   size_t MarkStackSize                            = 4194304                                   {product} {ergonomic}
   size_t MaxHeapSize                              = 1035993088                                {product} {ergonomic}
   size_t MinHeapDeltaBytes                        = 1048576                                   {product} {ergonomic}
   size_t MinHeapSize                              = 8388608                                   {product} {ergonomic}
    uintx NonNMethodCodeHeapSize                   = 5832780                                {pd product} {ergonomic}
    uintx NonProfiledCodeHeapSize                  = 122912730                              {pd product} {ergonomic}
    uintx ProfiledCodeHeapSize                     = 122912730                              {pd product} {ergonomic}
    uintx ReservedCodeCacheSize                    = 251658240                              {pd product} {ergonomic}
     bool SegmentedCodeCache                       = true                                      {product} {ergonomic}
     bool ShowCodeDetailsInExceptionMessages       = true                                   {manageable} {command line}
   size_t SoftMaxHeapSize                          = 1035993088                             {manageable} {ergonomic}
     bool UseCompressedClassPointers               = true                           {product lp64_product} {ergonomic}
     bool UseCompressedOops                        = true                           {product lp64_product} {ergonomic}
     bool UseG1GC                                  = true                                      {product} {ergonomic}
     bool UseLargePagesIndividualAllocation        = false                                  {pd product} {ergonomic}

Logging:
Log output configuration:
 #0: stdout all=warning uptime,level,tags
 #1: stderr all=off uptime,level,tags

Environment Variables:
JAVA_HOME=C:\Users\cgseb\.jdks\openjdk-19.0.1\bin
PATH=C:/Users/cgseb/.p2/pool/plugins/org.eclipse.justj.openjdk.hotspot.jre.full.win32.x86_64_17.0.6.v20230204-1729/jre/bin/server;C:/Users/cgseb/.p2/pool/plugins/org.eclipse.justj.openjdk.hotspot.jre.full.win32.x86_64_17.0.6.v20230204-1729/jre/bin;C:\Program Files\Eclipse Adoptium\jdk-17.0.7.7-hotspot\bin;C:\WINDOWS\system32;C:\WINDOWS;C:\WINDOWS\System32\Wbem;C:\WINDOWS\System32\WindowsPowerShell\v1.0\;C:\WINDOWS\System32\OpenSSH\;C:\msys64\mingw64\bin;C:\Program Files\Eclipse Adoptium\jdk-17.0.7.7-hotspot\bin;C:\WINDOWS\system32;C:\WINDOWS;C:\WINDOWS\System32\Wbem;C:\WINDOWS\System32\WindowsPowerShell\v1.0\;C:\WINDOWS\System32\OpenSSH\;C:\msys64\mingw64\bin;C:\Users\cgseb\AppData\Local\Microsoft\WindowsApps;;C:\Program Files\JetBrains\PyCharm Community Edition 2023.1.2\bin;;C:\Program Files\JetBrains\IntelliJ IDEA Community Edition 2022.2.1\bin;;C:\Users\cgseb\AppData\Local\Programs\Microsoft VS Code\bin;C:\Users\cgseb\.jdks\openjdk-19.0.1\bin;C:\Users\cgseb\OneDrive\Escritorio;
USERNAME=cgseb
OS=Windows_NT
PROCESSOR_IDENTIFIER=Intel64 Family 6 Model 142 Stepping 11, GenuineIntel
TMP=C:\Users\cgseb\AppData\Local\Temp
TEMP=C:\Users\cgseb\AppData\Local\Temp



---------------  S Y S T E M  ---------------

OS:
 Windows 11 , 64 bit Build 22621 (10.0.22621.2215)
OS uptime: 5 days 17:06 hours

CPU: total 4 (initial active 4) (2 cores per cpu, 2 threads per core) family 6 model 142 stepping 11 microcode 0xde, cx8, cmov, fxsr, ht, mmx, 3dnowpref, sse, sse2, sse3, ssse3, sse4.1, sse4.2, popcnt, lzcnt, tsc, tscinvbit, avx, avx2, aes, erms, clmul, bmi1, bmi2, adx, fma, vzeroupper, clflush, clflushopt

Memory: 4k page, system-wide physical 3948M (271M free)
TotalPageFile size 16236M (AvailPageFile size 8M)
current process WorkingSet (physical memory assigned to process): 10M, peak: 10M
current process commit charge ("private bytes"): 50M, peak: 51M

vm_info: OpenJDK 64-Bit Server VM (17.0.4+8) for windows-amd64 JRE (17.0.4+8), built on Jul 19 2022 16:05:16 by "temurin" with MS VC++ 16.7 (VS2019)

END.
